<?xml version="1.0" encoding="UTF-8"?>
<testsuite xmlns:xsi="http://www.w3.org/2001/XMLSchema-instance" xsi:noNamespaceSchemaLocation="https://maven.apache.org/surefire/maven-surefire-plugin/xsd/surefire-test-report.xsd" name="com.ibm.garage.cpat.cp4i.ConsumerTest" time="3.988" tests="1" errors="0" skipped="0" failures="1">
  <properties>
    <property name="java.specification.version" value="13"/>
    <property name="sun.jnu.encoding" value="UTF-8"/>
    <property name="java.class.path" value="/Users/jackyng/Desktop/Learning/cp4i-es-squad-financial/es-quarkus-validation/cp4i-financial-technicalval-ms/target/test-classes:/Users/jackyng/Desktop/Learning/cp4i-es-squad-financial/es-quarkus-validation/cp4i-financial-technicalval-ms/target/classes:/Users/jackyng/.m2/repository/io/quarkus/quarkus-resteasy/1.5.1.Final/quarkus-resteasy-1.5.1.Final.jar:/Users/jackyng/.m2/repository/io/quarkus/quarkus-vertx-http/1.5.1.Final/quarkus-vertx-http-1.5.1.Final.jar:/Users/jackyng/.m2/repository/io/quarkus/quarkus-development-mode-spi/1.5.1.Final/quarkus-development-mode-spi-1.5.1.Final.jar:/Users/jackyng/.m2/repository/io/quarkus/security/quarkus-security/1.1.1.Final/quarkus-security-1.1.1.Final.jar:/Users/jackyng/.m2/repository/jakarta/enterprise/jakarta.enterprise.cdi-api/2.0.2/jakarta.enterprise.cdi-api-2.0.2.jar:/Users/jackyng/.m2/repository/jakarta/el/jakarta.el-api/3.0.3/jakarta.el-api-3.0.3.jar:/Users/jackyng/.m2/repository/jakarta/interceptor/jakarta.interceptor-api/1.2.5/jakarta.interceptor-api-1.2.5.jar:/Users/jackyng/.m2/repository/io/quarkus/quarkus-vertx-core/1.5.1.Final/quarkus-vertx-core-1.5.1.Final.jar:/Users/jackyng/.m2/repository/io/quarkus/quarkus-netty/1.5.1.Final/quarkus-netty-1.5.1.Final.jar:/Users/jackyng/.m2/repository/io/netty/netty-codec/4.1.49.Final/netty-codec-4.1.49.Final.jar:/Users/jackyng/.m2/repository/io/vertx/vertx-web/3.9.0/vertx-web-3.9.0.jar:/Users/jackyng/.m2/repository/io/vertx/vertx-web-common/3.9.0/vertx-web-common-3.9.0.jar:/Users/jackyng/.m2/repository/io/vertx/vertx-auth-common/3.9.0/vertx-auth-common-3.9.0.jar:/Users/jackyng/.m2/repository/io/vertx/vertx-bridge-common/3.9.0/vertx-bridge-common-3.9.0.jar:/Users/jackyng/.m2/repository/io/quarkus/quarkus-resteasy-server-common/1.5.1.Final/quarkus-resteasy-server-common-1.5.1.Final.jar:/Users/jackyng/.m2/repository/io/quarkus/quarkus-arc/1.5.1.Final/quarkus-arc-1.5.1.Final.jar:/Users/jackyng/.m2/repository/io/quarkus/arc/arc/1.5.1.Final/arc-1.5.1.Final.jar:/Users/jackyng/.m2/repository/jakarta/transaction/jakarta.transaction-api/1.3.3/jakarta.transaction-api-1.3.3.jar:/Users/jackyng/.m2/repository/org/eclipse/microprofile/context-propagation/microprofile-context-propagation-api/1.0.1/microprofile-context-propagation-api-1.0.1.jar:/Users/jackyng/.m2/repository/io/quarkus/quarkus-resteasy-common/1.5.1.Final/quarkus-resteasy-common-1.5.1.Final.jar:/Users/jackyng/.m2/repository/org/jboss/resteasy/resteasy-core/4.5.3.Final/resteasy-core-4.5.3.Final.jar:/Users/jackyng/.m2/repository/org/jboss/spec/javax/ws/rs/jboss-jaxrs-api_2.1_spec/2.0.1.Final/jboss-jaxrs-api_2.1_spec-2.0.1.Final.jar:/Users/jackyng/.m2/repository/org/jboss/spec/javax/xml/bind/jboss-jaxb-api_2.3_spec/2.0.0.Final/jboss-jaxb-api_2.3_spec-2.0.0.Final.jar:/Users/jackyng/.m2/repository/org/jboss/resteasy/resteasy-core-spi/4.5.3.Final/resteasy-core-spi-4.5.3.Final.jar:/Users/jackyng/.m2/repository/org/eclipse/microprofile/config/microprofile-config-api/1.4/microprofile-config-api-1.4.jar:/Users/jackyng/.m2/repository/com/sun/activation/jakarta.activation/1.2.1/jakarta.activation-1.2.1.jar:/Users/jackyng/.m2/repository/jakarta/validation/jakarta.validation-api/2.0.2/jakarta.validation-api-2.0.2.jar:/Users/jackyng/.m2/repository/io/quarkus/quarkus-junit5/1.5.1.Final/quarkus-junit5-1.5.1.Final.jar:/Users/jackyng/.m2/repository/io/quarkus/quarkus-bootstrap-core/1.5.1.Final/quarkus-bootstrap-core-1.5.1.Final.jar:/Users/jackyng/.m2/repository/org/ow2/asm/asm/8.0.1/asm-8.0.1.jar:/Users/jackyng/.m2/repository/org/apache/maven/maven-embedder/3.6.3/maven-embedder-3.6.3.jar:/Users/jackyng/.m2/repository/org/apache/maven/maven-settings/3.6.3/maven-settings-3.6.3.jar:/Users/jackyng/.m2/repository/org/apache/maven/maven-core/3.6.3/maven-core-3.6.3.jar:/Users/jackyng/.m2/repository/org/apache/maven/maven-artifact/3.6.2/maven-artifact-3.6.2.jar:/Users/jackyng/.m2/repository/org/codehaus/plexus/plexus-component-annotations/2.1.0/plexus-component-annotations-2.1.0.jar:/Users/jackyng/.m2/repository/org/apache/maven/maven-plugin-api/3.6.3/maven-plugin-api-3.6.3.jar:/Users/jackyng/.m2/repository/org/apache/maven/maven-model/3.6.3/maven-model-3.6.3.jar:/Users/jackyng/.m2/repository/org/apache/maven/maven-model-builder/3.6.3/maven-model-builder-3.6.3.jar:/Users/jackyng/.m2/repository/org/apache/maven/maven-builder-support/3.6.3/maven-builder-support-3.6.3.jar:/Users/jackyng/.m2/repository/org/apache/maven/resolver/maven-resolver-api/1.4.1/maven-resolver-api-1.4.1.jar:/Users/jackyng/.m2/repository/org/apache/maven/resolver/maven-resolver-util/1.4.1/maven-resolver-util-1.4.1.jar:/Users/jackyng/.m2/repository/org/apache/maven/shared/maven-shared-utils/3.2.1/maven-shared-utils-3.2.1.jar:/Users/jackyng/.m2/repository/com/google/inject/guice/4.2.1/guice-4.2.1-no_aop.jar:/Users/jackyng/.m2/repository/com/google/guava/guava/27.0.1-jre/guava-27.0.1-jre.jar:/Users/jackyng/.m2/repository/com/google/guava/failureaccess/1.0.1/failureaccess-1.0.1.jar:/Users/jackyng/.m2/repository/com/google/guava/listenablefuture/9999.0-empty-to-avoid-conflict-with-guava/listenablefuture-9999.0-empty-to-avoid-conflict-with-guava.jar:/Users/jackyng/.m2/repository/org/codehaus/plexus/plexus-utils/3.2.1/plexus-utils-3.2.1.jar:/Users/jackyng/.m2/repository/org/codehaus/plexus/plexus-classworlds/2.5.2/plexus-classworlds-2.5.2.jar:/Users/jackyng/.m2/repository/commons-cli/commons-cli/1.4/commons-cli-1.4.jar:/Users/jackyng/.m2/repository/org/eclipse/sisu/org.eclipse.sisu.plexus/0.3.4/org.eclipse.sisu.plexus-0.3.4.jar:/Users/jackyng/.m2/repository/org/apache/maven/maven-settings-builder/3.6.3/maven-settings-builder-3.6.3.jar:/Users/jackyng/.m2/repository/org/codehaus/plexus/plexus-interpolation/1.25/plexus-interpolation-1.25.jar:/Users/jackyng/.m2/repository/org/sonatype/plexus/plexus-sec-dispatcher/1.4/plexus-sec-dispatcher-1.4.jar:/Users/jackyng/.m2/repository/org/sonatype/plexus/plexus-cipher/1.4/plexus-cipher-1.4.jar:/Users/jackyng/.m2/repository/org/apache/maven/maven-resolver-provider/3.6.3/maven-resolver-provider-3.6.3.jar:/Users/jackyng/.m2/repository/org/apache/maven/maven-repository-metadata/3.6.3/maven-repository-metadata-3.6.3.jar:/Users/jackyng/.m2/repository/org/apache/maven/resolver/maven-resolver-spi/1.4.1/maven-resolver-spi-1.4.1.jar:/Users/jackyng/.m2/repository/org/apache/maven/resolver/maven-resolver-impl/1.4.1/maven-resolver-impl-1.4.1.jar:/Users/jackyng/.m2/repository/org/apache/maven/resolver/maven-resolver-connector-basic/1.4.1/maven-resolver-connector-basic-1.4.1.jar:/Users/jackyng/.m2/repository/org/apache/maven/resolver/maven-resolver-transport-wagon/1.4.1/maven-resolver-transport-wagon-1.4.1.jar:/Users/jackyng/.m2/repository/org/apache/maven/wagon/wagon-http/3.3.4/wagon-http-3.3.4.jar:/Users/jackyng/.m2/repository/org/apache/maven/wagon/wagon-http-shared/3.3.4/wagon-http-shared-3.3.4.jar:/Users/jackyng/.m2/repository/org/jsoup/jsoup/1.12.1/jsoup-1.12.1.jar:/Users/jackyng/.m2/repository/org/apache/maven/wagon/wagon-provider-api/3.3.4/wagon-provider-api-3.3.4.jar:/Users/jackyng/.m2/repository/org/apache/maven/wagon/wagon-file/3.3.4/wagon-file-3.3.4.jar:/Users/jackyng/.m2/repository/org/jboss/logging/jboss-logging/3.3.2.Final/jboss-logging-3.3.2.Final.jar:/Users/jackyng/.m2/repository/org/jboss/logging/commons-logging-jboss-logging/1.0.0.Final/commons-logging-jboss-logging-1.0.0.Final.jar:/Users/jackyng/.m2/repository/org/eclipse/sisu/org.eclipse.sisu.inject/0.3.4/org.eclipse.sisu.inject-0.3.4.jar:/Users/jackyng/.m2/repository/io/quarkus/quarkus-test-common/1.5.1.Final/quarkus-test-common-1.5.1.Final.jar:/Users/jackyng/.m2/repository/io/quarkus/quarkus-core-deployment/1.5.1.Final/quarkus-core-deployment-1.5.1.Final.jar:/Users/jackyng/.m2/repository/io/quarkus/gizmo/gizmo/1.0.3.Final/gizmo-1.0.3.Final.jar:/Users/jackyng/.m2/repository/org/ow2/asm/asm-util/8.0.1/asm-util-8.0.1.jar:/Users/jackyng/.m2/repository/org/ow2/asm/asm-tree/8.0.1/asm-tree-8.0.1.jar:/Users/jackyng/.m2/repository/org/ow2/asm/asm-analysis/8.0.1/asm-analysis-8.0.1.jar:/Users/jackyng/.m2/repository/io/quarkus/quarkus-builder/1.5.1.Final/quarkus-builder-1.5.1.Final.jar:/Users/jackyng/.m2/repository/io/quarkus/quarkus-jsonp-deployment/1.5.1.Final/quarkus-jsonp-deployment-1.5.1.Final.jar:/Users/jackyng/.m2/repository/org/jboss/jandex/2.1.3.Final/jandex-2.1.3.Final.jar:/Users/jackyng/.m2/repository/org/junit/jupiter/junit-jupiter/5.6.2/junit-jupiter-5.6.2.jar:/Users/jackyng/.m2/repository/org/junit/jupiter/junit-jupiter-api/5.6.2/junit-jupiter-api-5.6.2.jar:/Users/jackyng/.m2/repository/org/apiguardian/apiguardian-api/1.1.0/apiguardian-api-1.1.0.jar:/Users/jackyng/.m2/repository/org/opentest4j/opentest4j/1.2.0/opentest4j-1.2.0.jar:/Users/jackyng/.m2/repository/org/junit/platform/junit-platform-commons/1.6.2/junit-platform-commons-1.6.2.jar:/Users/jackyng/.m2/repository/org/junit/jupiter/junit-jupiter-params/5.6.2/junit-jupiter-params-5.6.2.jar:/Users/jackyng/.m2/repository/org/junit/jupiter/junit-jupiter-engine/5.6.2/junit-jupiter-engine-5.6.2.jar:/Users/jackyng/.m2/repository/org/junit/platform/junit-platform-engine/1.6.2/junit-platform-engine-1.6.2.jar:/Users/jackyng/.m2/repository/io/quarkus/quarkus-core/1.5.1.Final/quarkus-core-1.5.1.Final.jar:/Users/jackyng/.m2/repository/jakarta/inject/jakarta.inject-api/1.0/jakarta.inject-api-1.0.jar:/Users/jackyng/.m2/repository/io/quarkus/quarkus-ide-launcher/1.5.1.Final/quarkus-ide-launcher-1.5.1.Final.jar:/Users/jackyng/.m2/repository/io/smallrye/config/smallrye-config/1.7.0/smallrye-config-1.7.0.jar:/Users/jackyng/.m2/repository/io/smallrye/config/smallrye-config-common/1.7.0/smallrye-config-common-1.7.0.jar:/Users/jackyng/.m2/repository/org/jboss/logmanager/jboss-logmanager-embedded/1.0.4/jboss-logmanager-embedded-1.0.4.jar:/Users/jackyng/.m2/repository/org/jboss/logging/jboss-logging-annotations/2.1.0.Final/jboss-logging-annotations-2.1.0.Final.jar:/Users/jackyng/.m2/repository/org/jboss/threads/jboss-threads/3.1.1.Final/jboss-threads-3.1.1.Final.jar:/Users/jackyng/.m2/repository/org/slf4j/slf4j-api/1.7.30/slf4j-api-1.7.30.jar:/Users/jackyng/.m2/repository/org/jboss/slf4j/slf4j-jboss-logging/1.2.0.Final/slf4j-jboss-logging-1.2.0.Final.jar:/Users/jackyng/.m2/repository/org/graalvm/sdk/graal-sdk/19.3.1/graal-sdk-19.3.1.jar:/Users/jackyng/.m2/repository/org/wildfly/common/wildfly-common/1.5.4.Final-format-001/wildfly-common-1.5.4.Final-format-001.jar:/Users/jackyng/.m2/repository/io/quarkus/quarkus-bootstrap-runner/1.5.1.Final/quarkus-bootstrap-runner-1.5.1.Final.jar:/Users/jackyng/.m2/repository/com/thoughtworks/xstream/xstream/1.4.11.1/xstream-1.4.11.1.jar:/Users/jackyng/.m2/repository/xmlpull/xmlpull/1.1.3.1/xmlpull-1.1.3.1.jar:/Users/jackyng/.m2/repository/xpp3/xpp3_min/1.1.4c/xpp3_min-1.1.4c.jar:/Users/jackyng/.m2/repository/io/rest-assured/rest-assured/4.3.0/rest-assured-4.3.0.jar:/Users/jackyng/.m2/repository/org/codehaus/groovy/groovy/3.0.2/groovy-3.0.2.jar:/Users/jackyng/.m2/repository/org/codehaus/groovy/groovy-xml/3.0.2/groovy-xml-3.0.2.jar:/Users/jackyng/.m2/repository/org/apache/httpcomponents/httpclient/4.5.12/httpclient-4.5.12.jar:/Users/jackyng/.m2/repository/org/apache/httpcomponents/httpcore/4.4.13/httpcore-4.4.13.jar:/Users/jackyng/.m2/repository/commons-codec/commons-codec/1.14/commons-codec-1.14.jar:/Users/jackyng/.m2/repository/org/apache/httpcomponents/httpmime/4.5.3/httpmime-4.5.3.jar:/Users/jackyng/.m2/repository/org/hamcrest/hamcrest/2.1/hamcrest-2.1.jar:/Users/jackyng/.m2/repository/org/ccil/cowan/tagsoup/tagsoup/1.2.1/tagsoup-1.2.1.jar:/Users/jackyng/.m2/repository/io/rest-assured/json-path/4.3.0/json-path-4.3.0.jar:/Users/jackyng/.m2/repository/org/codehaus/groovy/groovy-json/3.0.2/groovy-json-3.0.2.jar:/Users/jackyng/.m2/repository/io/rest-assured/rest-assured-common/4.3.0/rest-assured-common-4.3.0.jar:/Users/jackyng/.m2/repository/io/rest-assured/xml-path/4.3.0/xml-path-4.3.0.jar:/Users/jackyng/.m2/repository/org/apache/commons/commons-lang3/3.9/commons-lang3-3.9.jar:/Users/jackyng/.m2/repository/jakarta/xml/bind/jakarta.xml.bind-api/2.3.2/jakarta.xml.bind-api-2.3.2.jar:/Users/jackyng/.m2/repository/jakarta/activation/jakarta.activation-api/1.2.1/jakarta.activation-api-1.2.1.jar:/Users/jackyng/.m2/repository/org/apache/sling/org.apache.sling.javax.activation/0.1.0/org.apache.sling.javax.activation-0.1.0.jar:/Users/jackyng/.m2/repository/io/quarkus/quarkus-smallrye-reactive-messaging-kafka/1.5.1.Final/quarkus-smallrye-reactive-messaging-kafka-1.5.1.Final.jar:/Users/jackyng/.m2/repository/io/quarkus/quarkus-kafka-client/1.5.1.Final/quarkus-kafka-client-1.5.1.Final.jar:/Users/jackyng/.m2/repository/io/smallrye/reactive/smallrye-reactive-messaging-kafka/2.0.3/smallrye-reactive-messaging-kafka-2.0.3.jar:/Users/jackyng/.m2/repository/io/smallrye/reactive/smallrye-mutiny-vertx-kafka-client/0.0.15/smallrye-mutiny-vertx-kafka-client-0.0.15.jar:/Users/jackyng/.m2/repository/org/apache/zookeeper/zookeeper/3.5.7/zookeeper-3.5.7.jar:/Users/jackyng/.m2/repository/org/apache/zookeeper/zookeeper-jute/3.5.7/zookeeper-jute-3.5.7.jar:/Users/jackyng/.m2/repository/org/apache/yetus/audience-annotations/0.5.0/audience-annotations-0.5.0.jar:/Users/jackyng/.m2/repository/io/netty/netty-transport-native-epoll/4.1.49.Final/netty-transport-native-epoll-4.1.49.Final.jar:/Users/jackyng/.m2/repository/io/netty/netty-transport-native-unix-common/4.1.49.Final/netty-transport-native-unix-common-4.1.49.Final.jar:/Users/jackyng/.m2/repository/io/smallrye/reactive/mutiny/0.5.0/mutiny-0.5.0.jar:/Users/jackyng/.m2/repository/org/reactivestreams/reactive-streams/1.0.3/reactive-streams-1.0.3.jar:/Users/jackyng/.m2/repository/io/smallrye/reactive/smallrye-reactive-converter-api/1.0.12/smallrye-reactive-converter-api-1.0.12.jar:/Users/jackyng/.m2/repository/org/eclipse/microprofile/reactive-streams-operators/microprofile-reactive-streams-operators-api/1.0.1/microprofile-reactive-streams-operators-api-1.0.1.jar:/Users/jackyng/.m2/repository/org/eclipse/microprofile/reactive-streams-operators/microprofile-reactive-streams-operators-core/1.0.1/microprofile-reactive-streams-operators-core-1.0.1.jar:/Users/jackyng/.m2/repository/io/quarkus/quarkus-jackson/1.5.1.Final/quarkus-jackson-1.5.1.Final.jar:/Users/jackyng/.m2/repository/com/fasterxml/jackson/core/jackson-databind/2.10.4/jackson-databind-2.10.4.jar:/Users/jackyng/.m2/repository/com/fasterxml/jackson/core/jackson-annotations/2.10.4/jackson-annotations-2.10.4.jar:/Users/jackyng/.m2/repository/com/fasterxml/jackson/core/jackson-core/2.10.4/jackson-core-2.10.4.jar:/Users/jackyng/.m2/repository/com/fasterxml/jackson/datatype/jackson-datatype-jsr310/2.10.4/jackson-datatype-jsr310-2.10.4.jar:/Users/jackyng/.m2/repository/com/fasterxml/jackson/datatype/jackson-datatype-jdk8/2.10.4/jackson-datatype-jdk8-2.10.4.jar:/Users/jackyng/.m2/repository/com/fasterxml/jackson/module/jackson-module-parameter-names/2.10.4/jackson-module-parameter-names-2.10.4.jar:/Users/jackyng/.m2/repository/org/apache/kafka/kafka-clients/2.5.0/kafka-clients-2.5.0.jar:/Users/jackyng/.m2/repository/com/github/luben/zstd-jni/1.4.4-7/zstd-jni-1.4.4-7.jar:/Users/jackyng/.m2/repository/org/lz4/lz4-java/1.7.1/lz4-java-1.7.1.jar:/Users/jackyng/.m2/repository/org/xerial/snappy/snappy-java/1.1.7.3/snappy-java-1.1.7.3.jar:/Users/jackyng/.m2/repository/io/vertx/vertx-kafka-client/3.9.0/vertx-kafka-client-3.9.0.jar:/Users/jackyng/.m2/repository/io/vertx/vertx-core/3.9.0/vertx-core-3.9.0.jar:/Users/jackyng/.m2/repository/io/netty/netty-common/4.1.49.Final/netty-common-4.1.49.Final.jar:/Users/jackyng/.m2/repository/io/netty/netty-buffer/4.1.49.Final/netty-buffer-4.1.49.Final.jar:/Users/jackyng/.m2/repository/io/netty/netty-transport/4.1.49.Final/netty-transport-4.1.49.Final.jar:/Users/jackyng/.m2/repository/io/netty/netty-handler/4.1.49.Final/netty-handler-4.1.49.Final.jar:/Users/jackyng/.m2/repository/io/netty/netty-handler-proxy/4.1.49.Final/netty-handler-proxy-4.1.49.Final.jar:/Users/jackyng/.m2/repository/io/netty/netty-codec-socks/4.1.49.Final/netty-codec-socks-4.1.49.Final.jar:/Users/jackyng/.m2/repository/io/netty/netty-codec-http/4.1.49.Final/netty-codec-http-4.1.49.Final.jar:/Users/jackyng/.m2/repository/io/netty/netty-codec-http2/4.1.49.Final/netty-codec-http2-4.1.49.Final.jar:/Users/jackyng/.m2/repository/io/netty/netty-resolver/4.1.49.Final/netty-resolver-4.1.49.Final.jar:/Users/jackyng/.m2/repository/io/netty/netty-resolver-dns/4.1.49.Final/netty-resolver-dns-4.1.49.Final.jar:/Users/jackyng/.m2/repository/io/netty/netty-codec-dns/4.1.49.Final/netty-codec-dns-4.1.49.Final.jar:/Users/jackyng/.m2/repository/io/quarkus/quarkus-smallrye-reactive-messaging/1.5.1.Final/quarkus-smallrye-reactive-messaging-1.5.1.Final.jar:/Users/jackyng/.m2/repository/io/quarkus/quarkus-mutiny-reactive-streams-operators/1.5.1.Final/quarkus-mutiny-reactive-streams-operators-1.5.1.Final.jar:/Users/jackyng/.m2/repository/io/quarkus/quarkus-mutiny/1.5.1.Final/quarkus-mutiny-1.5.1.Final.jar:/Users/jackyng/.m2/repository/io/smallrye/reactive/mutiny-reactive-streams-operators/0.5.0/mutiny-reactive-streams-operators-0.5.0.jar:/Users/jackyng/.m2/repository/io/smallrye/reactive/mutiny-context-propagation/0.5.0/mutiny-context-propagation-0.5.0.jar:/Users/jackyng/.m2/repository/io/quarkus/quarkus-smallrye-context-propagation/1.5.1.Final/quarkus-smallrye-context-propagation-1.5.1.Final.jar:/Users/jackyng/.m2/repository/io/smallrye/smallrye-context-propagation/1.0.13/smallrye-context-propagation-1.0.13.jar:/Users/jackyng/.m2/repository/io/smallrye/smallrye-context-propagation-api/1.0.13/smallrye-context-propagation-api-1.0.13.jar:/Users/jackyng/.m2/repository/io/reactivex/rxjava2/rxjava/2.2.19/rxjava-2.2.19.jar:/Users/jackyng/.m2/repository/io/quarkus/quarkus-vertx/1.5.1.Final/quarkus-vertx-1.5.1.Final.jar:/Users/jackyng/.m2/repository/io/smallrye/reactive/smallrye-axle-generator/0.0.15/smallrye-axle-generator-0.0.15.jar:/Users/jackyng/.m2/repository/io/smallrye/reactive/smallrye-axle-core/0.0.15/smallrye-axle-core-0.0.15.jar:/Users/jackyng/.m2/repository/io/vertx/vertx-rx-java2/3.9.0/vertx-rx-java2-3.9.0.jar:/Users/jackyng/.m2/repository/io/vertx/vertx-rx-gen/3.9.0/vertx-rx-gen-3.9.0.jar:/Users/jackyng/.m2/repository/io/smallrye/reactive/smallrye-reactive-messaging-provider/2.0.3/smallrye-reactive-messaging-provider-2.0.3.jar:/Users/jackyng/.m2/repository/io/smallrye/reactive/smallrye-reactive-messaging-api/2.0.3/smallrye-reactive-messaging-api-2.0.3.jar:/Users/jackyng/.m2/repository/io/smallrye/reactive/smallrye-mutiny-vertx-core/0.0.15/smallrye-mutiny-vertx-core-0.0.15.jar:/Users/jackyng/.m2/repository/io/smallrye/reactive/smallrye-mutiny-vertx-runtime/0.0.15/smallrye-mutiny-vertx-runtime-0.0.15.jar:/Users/jackyng/.m2/repository/io/smallrye/reactive/vertx-mutiny-generator/0.0.15/vertx-mutiny-generator-0.0.15.jar:/Users/jackyng/.m2/repository/io/vertx/vertx-codegen/3.9.0/vertx-codegen-3.9.0.jar:/Users/jackyng/.m2/repository/org/mvel/mvel2/2.4.7.Final/mvel2-2.4.7.Final.jar:/Users/jackyng/.m2/repository/jakarta/annotation/jakarta.annotation-api/1.3.5/jakarta.annotation-api-1.3.5.jar:/Users/jackyng/.m2/repository/io/quarkus/quarkus-resteasy-jsonb/1.5.1.Final/quarkus-resteasy-jsonb-1.5.1.Final.jar:/Users/jackyng/.m2/repository/io/quarkus/quarkus-jsonb/1.5.1.Final/quarkus-jsonb-1.5.1.Final.jar:/Users/jackyng/.m2/repository/org/eclipse/yasson/1.0.7/yasson-1.0.7.jar:/Users/jackyng/.m2/repository/io/quarkus/quarkus-jsonp/1.5.1.Final/quarkus-jsonp-1.5.1.Final.jar:/Users/jackyng/.m2/repository/org/jboss/resteasy/resteasy-json-binding-provider/4.5.3.Final/resteasy-json-binding-provider-4.5.3.Final.jar:/Users/jackyng/.m2/repository/org/glassfish/jakarta.json/1.1.6/jakarta.json-1.1.6.jar:/Users/jackyng/.m2/repository/jakarta/json/bind/jakarta.json.bind-api/1.0.2/jakarta.json.bind-api-1.0.2.jar:/Users/jackyng/.m2/repository/org/jboss/resteasy/resteasy-json-p-provider/4.5.3.Final/resteasy-json-p-provider-4.5.3.Final.jar:/Users/jackyng/.m2/repository/commons-io/commons-io/2.6/commons-io-2.6.jar:"/>
    <property name="java.vm.vendor" value="Oracle Corporation"/>
    <property name="sun.arch.data.model" value="64"/>
    <property name="java.vendor.url" value="https://openjdk.java.net/"/>
    <property name="os.name" value="Mac OS X"/>
    <property name="java.vm.specification.version" value="13"/>
    <property name="sun.java.launcher" value="SUN_STANDARD"/>
    <property name="user.country" value="US"/>
    <property name="sun.boot.library.path" value="/usr/local/Cellar/openjdk/13.0.2+8_2/libexec/openjdk.jdk/Contents/Home/lib"/>
    <property name="sun.java.command" value="/Users/jackyng/Desktop/Learning/cp4i-es-squad-financial/es-quarkus-validation/cp4i-financial-technicalval-ms/target/surefire/surefirebooter14484687301444584918.jar /Users/jackyng/Desktop/Learning/cp4i-es-squad-financial/es-quarkus-validation/cp4i-financial-technicalval-ms/target/surefire 2020-07-08T09-35-53_230-jvmRun1 surefire9568467348880991485tmp surefire_07210674729761187909tmp"/>
    <property name="jdk.debug" value="release"/>
    <property name="surefire.test.class.path" value="/Users/jackyng/Desktop/Learning/cp4i-es-squad-financial/es-quarkus-validation/cp4i-financial-technicalval-ms/target/test-classes:/Users/jackyng/Desktop/Learning/cp4i-es-squad-financial/es-quarkus-validation/cp4i-financial-technicalval-ms/target/classes:/Users/jackyng/.m2/repository/io/quarkus/quarkus-resteasy/1.5.1.Final/quarkus-resteasy-1.5.1.Final.jar:/Users/jackyng/.m2/repository/io/quarkus/quarkus-vertx-http/1.5.1.Final/quarkus-vertx-http-1.5.1.Final.jar:/Users/jackyng/.m2/repository/io/quarkus/quarkus-development-mode-spi/1.5.1.Final/quarkus-development-mode-spi-1.5.1.Final.jar:/Users/jackyng/.m2/repository/io/quarkus/security/quarkus-security/1.1.1.Final/quarkus-security-1.1.1.Final.jar:/Users/jackyng/.m2/repository/jakarta/enterprise/jakarta.enterprise.cdi-api/2.0.2/jakarta.enterprise.cdi-api-2.0.2.jar:/Users/jackyng/.m2/repository/jakarta/el/jakarta.el-api/3.0.3/jakarta.el-api-3.0.3.jar:/Users/jackyng/.m2/repository/jakarta/interceptor/jakarta.interceptor-api/1.2.5/jakarta.interceptor-api-1.2.5.jar:/Users/jackyng/.m2/repository/io/quarkus/quarkus-vertx-core/1.5.1.Final/quarkus-vertx-core-1.5.1.Final.jar:/Users/jackyng/.m2/repository/io/quarkus/quarkus-netty/1.5.1.Final/quarkus-netty-1.5.1.Final.jar:/Users/jackyng/.m2/repository/io/netty/netty-codec/4.1.49.Final/netty-codec-4.1.49.Final.jar:/Users/jackyng/.m2/repository/io/vertx/vertx-web/3.9.0/vertx-web-3.9.0.jar:/Users/jackyng/.m2/repository/io/vertx/vertx-web-common/3.9.0/vertx-web-common-3.9.0.jar:/Users/jackyng/.m2/repository/io/vertx/vertx-auth-common/3.9.0/vertx-auth-common-3.9.0.jar:/Users/jackyng/.m2/repository/io/vertx/vertx-bridge-common/3.9.0/vertx-bridge-common-3.9.0.jar:/Users/jackyng/.m2/repository/io/quarkus/quarkus-resteasy-server-common/1.5.1.Final/quarkus-resteasy-server-common-1.5.1.Final.jar:/Users/jackyng/.m2/repository/io/quarkus/quarkus-arc/1.5.1.Final/quarkus-arc-1.5.1.Final.jar:/Users/jackyng/.m2/repository/io/quarkus/arc/arc/1.5.1.Final/arc-1.5.1.Final.jar:/Users/jackyng/.m2/repository/jakarta/transaction/jakarta.transaction-api/1.3.3/jakarta.transaction-api-1.3.3.jar:/Users/jackyng/.m2/repository/org/eclipse/microprofile/context-propagation/microprofile-context-propagation-api/1.0.1/microprofile-context-propagation-api-1.0.1.jar:/Users/jackyng/.m2/repository/io/quarkus/quarkus-resteasy-common/1.5.1.Final/quarkus-resteasy-common-1.5.1.Final.jar:/Users/jackyng/.m2/repository/org/jboss/resteasy/resteasy-core/4.5.3.Final/resteasy-core-4.5.3.Final.jar:/Users/jackyng/.m2/repository/org/jboss/spec/javax/ws/rs/jboss-jaxrs-api_2.1_spec/2.0.1.Final/jboss-jaxrs-api_2.1_spec-2.0.1.Final.jar:/Users/jackyng/.m2/repository/org/jboss/spec/javax/xml/bind/jboss-jaxb-api_2.3_spec/2.0.0.Final/jboss-jaxb-api_2.3_spec-2.0.0.Final.jar:/Users/jackyng/.m2/repository/org/jboss/resteasy/resteasy-core-spi/4.5.3.Final/resteasy-core-spi-4.5.3.Final.jar:/Users/jackyng/.m2/repository/org/eclipse/microprofile/config/microprofile-config-api/1.4/microprofile-config-api-1.4.jar:/Users/jackyng/.m2/repository/com/sun/activation/jakarta.activation/1.2.1/jakarta.activation-1.2.1.jar:/Users/jackyng/.m2/repository/jakarta/validation/jakarta.validation-api/2.0.2/jakarta.validation-api-2.0.2.jar:/Users/jackyng/.m2/repository/io/quarkus/quarkus-junit5/1.5.1.Final/quarkus-junit5-1.5.1.Final.jar:/Users/jackyng/.m2/repository/io/quarkus/quarkus-bootstrap-core/1.5.1.Final/quarkus-bootstrap-core-1.5.1.Final.jar:/Users/jackyng/.m2/repository/org/ow2/asm/asm/8.0.1/asm-8.0.1.jar:/Users/jackyng/.m2/repository/org/apache/maven/maven-embedder/3.6.3/maven-embedder-3.6.3.jar:/Users/jackyng/.m2/repository/org/apache/maven/maven-settings/3.6.3/maven-settings-3.6.3.jar:/Users/jackyng/.m2/repository/org/apache/maven/maven-core/3.6.3/maven-core-3.6.3.jar:/Users/jackyng/.m2/repository/org/apache/maven/maven-artifact/3.6.2/maven-artifact-3.6.2.jar:/Users/jackyng/.m2/repository/org/codehaus/plexus/plexus-component-annotations/2.1.0/plexus-component-annotations-2.1.0.jar:/Users/jackyng/.m2/repository/org/apache/maven/maven-plugin-api/3.6.3/maven-plugin-api-3.6.3.jar:/Users/jackyng/.m2/repository/org/apache/maven/maven-model/3.6.3/maven-model-3.6.3.jar:/Users/jackyng/.m2/repository/org/apache/maven/maven-model-builder/3.6.3/maven-model-builder-3.6.3.jar:/Users/jackyng/.m2/repository/org/apache/maven/maven-builder-support/3.6.3/maven-builder-support-3.6.3.jar:/Users/jackyng/.m2/repository/org/apache/maven/resolver/maven-resolver-api/1.4.1/maven-resolver-api-1.4.1.jar:/Users/jackyng/.m2/repository/org/apache/maven/resolver/maven-resolver-util/1.4.1/maven-resolver-util-1.4.1.jar:/Users/jackyng/.m2/repository/org/apache/maven/shared/maven-shared-utils/3.2.1/maven-shared-utils-3.2.1.jar:/Users/jackyng/.m2/repository/com/google/inject/guice/4.2.1/guice-4.2.1-no_aop.jar:/Users/jackyng/.m2/repository/com/google/guava/guava/27.0.1-jre/guava-27.0.1-jre.jar:/Users/jackyng/.m2/repository/com/google/guava/failureaccess/1.0.1/failureaccess-1.0.1.jar:/Users/jackyng/.m2/repository/com/google/guava/listenablefuture/9999.0-empty-to-avoid-conflict-with-guava/listenablefuture-9999.0-empty-to-avoid-conflict-with-guava.jar:/Users/jackyng/.m2/repository/org/codehaus/plexus/plexus-utils/3.2.1/plexus-utils-3.2.1.jar:/Users/jackyng/.m2/repository/org/codehaus/plexus/plexus-classworlds/2.5.2/plexus-classworlds-2.5.2.jar:/Users/jackyng/.m2/repository/commons-cli/commons-cli/1.4/commons-cli-1.4.jar:/Users/jackyng/.m2/repository/org/eclipse/sisu/org.eclipse.sisu.plexus/0.3.4/org.eclipse.sisu.plexus-0.3.4.jar:/Users/jackyng/.m2/repository/org/apache/maven/maven-settings-builder/3.6.3/maven-settings-builder-3.6.3.jar:/Users/jackyng/.m2/repository/org/codehaus/plexus/plexus-interpolation/1.25/plexus-interpolation-1.25.jar:/Users/jackyng/.m2/repository/org/sonatype/plexus/plexus-sec-dispatcher/1.4/plexus-sec-dispatcher-1.4.jar:/Users/jackyng/.m2/repository/org/sonatype/plexus/plexus-cipher/1.4/plexus-cipher-1.4.jar:/Users/jackyng/.m2/repository/org/apache/maven/maven-resolver-provider/3.6.3/maven-resolver-provider-3.6.3.jar:/Users/jackyng/.m2/repository/org/apache/maven/maven-repository-metadata/3.6.3/maven-repository-metadata-3.6.3.jar:/Users/jackyng/.m2/repository/org/apache/maven/resolver/maven-resolver-spi/1.4.1/maven-resolver-spi-1.4.1.jar:/Users/jackyng/.m2/repository/org/apache/maven/resolver/maven-resolver-impl/1.4.1/maven-resolver-impl-1.4.1.jar:/Users/jackyng/.m2/repository/org/apache/maven/resolver/maven-resolver-connector-basic/1.4.1/maven-resolver-connector-basic-1.4.1.jar:/Users/jackyng/.m2/repository/org/apache/maven/resolver/maven-resolver-transport-wagon/1.4.1/maven-resolver-transport-wagon-1.4.1.jar:/Users/jackyng/.m2/repository/org/apache/maven/wagon/wagon-http/3.3.4/wagon-http-3.3.4.jar:/Users/jackyng/.m2/repository/org/apache/maven/wagon/wagon-http-shared/3.3.4/wagon-http-shared-3.3.4.jar:/Users/jackyng/.m2/repository/org/jsoup/jsoup/1.12.1/jsoup-1.12.1.jar:/Users/jackyng/.m2/repository/org/apache/maven/wagon/wagon-provider-api/3.3.4/wagon-provider-api-3.3.4.jar:/Users/jackyng/.m2/repository/org/apache/maven/wagon/wagon-file/3.3.4/wagon-file-3.3.4.jar:/Users/jackyng/.m2/repository/org/jboss/logging/jboss-logging/3.3.2.Final/jboss-logging-3.3.2.Final.jar:/Users/jackyng/.m2/repository/org/jboss/logging/commons-logging-jboss-logging/1.0.0.Final/commons-logging-jboss-logging-1.0.0.Final.jar:/Users/jackyng/.m2/repository/org/eclipse/sisu/org.eclipse.sisu.inject/0.3.4/org.eclipse.sisu.inject-0.3.4.jar:/Users/jackyng/.m2/repository/io/quarkus/quarkus-test-common/1.5.1.Final/quarkus-test-common-1.5.1.Final.jar:/Users/jackyng/.m2/repository/io/quarkus/quarkus-core-deployment/1.5.1.Final/quarkus-core-deployment-1.5.1.Final.jar:/Users/jackyng/.m2/repository/io/quarkus/gizmo/gizmo/1.0.3.Final/gizmo-1.0.3.Final.jar:/Users/jackyng/.m2/repository/org/ow2/asm/asm-util/8.0.1/asm-util-8.0.1.jar:/Users/jackyng/.m2/repository/org/ow2/asm/asm-tree/8.0.1/asm-tree-8.0.1.jar:/Users/jackyng/.m2/repository/org/ow2/asm/asm-analysis/8.0.1/asm-analysis-8.0.1.jar:/Users/jackyng/.m2/repository/io/quarkus/quarkus-builder/1.5.1.Final/quarkus-builder-1.5.1.Final.jar:/Users/jackyng/.m2/repository/io/quarkus/quarkus-jsonp-deployment/1.5.1.Final/quarkus-jsonp-deployment-1.5.1.Final.jar:/Users/jackyng/.m2/repository/org/jboss/jandex/2.1.3.Final/jandex-2.1.3.Final.jar:/Users/jackyng/.m2/repository/org/junit/jupiter/junit-jupiter/5.6.2/junit-jupiter-5.6.2.jar:/Users/jackyng/.m2/repository/org/junit/jupiter/junit-jupiter-api/5.6.2/junit-jupiter-api-5.6.2.jar:/Users/jackyng/.m2/repository/org/apiguardian/apiguardian-api/1.1.0/apiguardian-api-1.1.0.jar:/Users/jackyng/.m2/repository/org/opentest4j/opentest4j/1.2.0/opentest4j-1.2.0.jar:/Users/jackyng/.m2/repository/org/junit/platform/junit-platform-commons/1.6.2/junit-platform-commons-1.6.2.jar:/Users/jackyng/.m2/repository/org/junit/jupiter/junit-jupiter-params/5.6.2/junit-jupiter-params-5.6.2.jar:/Users/jackyng/.m2/repository/org/junit/jupiter/junit-jupiter-engine/5.6.2/junit-jupiter-engine-5.6.2.jar:/Users/jackyng/.m2/repository/org/junit/platform/junit-platform-engine/1.6.2/junit-platform-engine-1.6.2.jar:/Users/jackyng/.m2/repository/io/quarkus/quarkus-core/1.5.1.Final/quarkus-core-1.5.1.Final.jar:/Users/jackyng/.m2/repository/jakarta/inject/jakarta.inject-api/1.0/jakarta.inject-api-1.0.jar:/Users/jackyng/.m2/repository/io/quarkus/quarkus-ide-launcher/1.5.1.Final/quarkus-ide-launcher-1.5.1.Final.jar:/Users/jackyng/.m2/repository/io/smallrye/config/smallrye-config/1.7.0/smallrye-config-1.7.0.jar:/Users/jackyng/.m2/repository/io/smallrye/config/smallrye-config-common/1.7.0/smallrye-config-common-1.7.0.jar:/Users/jackyng/.m2/repository/org/jboss/logmanager/jboss-logmanager-embedded/1.0.4/jboss-logmanager-embedded-1.0.4.jar:/Users/jackyng/.m2/repository/org/jboss/logging/jboss-logging-annotations/2.1.0.Final/jboss-logging-annotations-2.1.0.Final.jar:/Users/jackyng/.m2/repository/org/jboss/threads/jboss-threads/3.1.1.Final/jboss-threads-3.1.1.Final.jar:/Users/jackyng/.m2/repository/org/slf4j/slf4j-api/1.7.30/slf4j-api-1.7.30.jar:/Users/jackyng/.m2/repository/org/jboss/slf4j/slf4j-jboss-logging/1.2.0.Final/slf4j-jboss-logging-1.2.0.Final.jar:/Users/jackyng/.m2/repository/org/graalvm/sdk/graal-sdk/19.3.1/graal-sdk-19.3.1.jar:/Users/jackyng/.m2/repository/org/wildfly/common/wildfly-common/1.5.4.Final-format-001/wildfly-common-1.5.4.Final-format-001.jar:/Users/jackyng/.m2/repository/io/quarkus/quarkus-bootstrap-runner/1.5.1.Final/quarkus-bootstrap-runner-1.5.1.Final.jar:/Users/jackyng/.m2/repository/com/thoughtworks/xstream/xstream/1.4.11.1/xstream-1.4.11.1.jar:/Users/jackyng/.m2/repository/xmlpull/xmlpull/1.1.3.1/xmlpull-1.1.3.1.jar:/Users/jackyng/.m2/repository/xpp3/xpp3_min/1.1.4c/xpp3_min-1.1.4c.jar:/Users/jackyng/.m2/repository/io/rest-assured/rest-assured/4.3.0/rest-assured-4.3.0.jar:/Users/jackyng/.m2/repository/org/codehaus/groovy/groovy/3.0.2/groovy-3.0.2.jar:/Users/jackyng/.m2/repository/org/codehaus/groovy/groovy-xml/3.0.2/groovy-xml-3.0.2.jar:/Users/jackyng/.m2/repository/org/apache/httpcomponents/httpclient/4.5.12/httpclient-4.5.12.jar:/Users/jackyng/.m2/repository/org/apache/httpcomponents/httpcore/4.4.13/httpcore-4.4.13.jar:/Users/jackyng/.m2/repository/commons-codec/commons-codec/1.14/commons-codec-1.14.jar:/Users/jackyng/.m2/repository/org/apache/httpcomponents/httpmime/4.5.3/httpmime-4.5.3.jar:/Users/jackyng/.m2/repository/org/hamcrest/hamcrest/2.1/hamcrest-2.1.jar:/Users/jackyng/.m2/repository/org/ccil/cowan/tagsoup/tagsoup/1.2.1/tagsoup-1.2.1.jar:/Users/jackyng/.m2/repository/io/rest-assured/json-path/4.3.0/json-path-4.3.0.jar:/Users/jackyng/.m2/repository/org/codehaus/groovy/groovy-json/3.0.2/groovy-json-3.0.2.jar:/Users/jackyng/.m2/repository/io/rest-assured/rest-assured-common/4.3.0/rest-assured-common-4.3.0.jar:/Users/jackyng/.m2/repository/io/rest-assured/xml-path/4.3.0/xml-path-4.3.0.jar:/Users/jackyng/.m2/repository/org/apache/commons/commons-lang3/3.9/commons-lang3-3.9.jar:/Users/jackyng/.m2/repository/jakarta/xml/bind/jakarta.xml.bind-api/2.3.2/jakarta.xml.bind-api-2.3.2.jar:/Users/jackyng/.m2/repository/jakarta/activation/jakarta.activation-api/1.2.1/jakarta.activation-api-1.2.1.jar:/Users/jackyng/.m2/repository/org/apache/sling/org.apache.sling.javax.activation/0.1.0/org.apache.sling.javax.activation-0.1.0.jar:/Users/jackyng/.m2/repository/io/quarkus/quarkus-smallrye-reactive-messaging-kafka/1.5.1.Final/quarkus-smallrye-reactive-messaging-kafka-1.5.1.Final.jar:/Users/jackyng/.m2/repository/io/quarkus/quarkus-kafka-client/1.5.1.Final/quarkus-kafka-client-1.5.1.Final.jar:/Users/jackyng/.m2/repository/io/smallrye/reactive/smallrye-reactive-messaging-kafka/2.0.3/smallrye-reactive-messaging-kafka-2.0.3.jar:/Users/jackyng/.m2/repository/io/smallrye/reactive/smallrye-mutiny-vertx-kafka-client/0.0.15/smallrye-mutiny-vertx-kafka-client-0.0.15.jar:/Users/jackyng/.m2/repository/org/apache/zookeeper/zookeeper/3.5.7/zookeeper-3.5.7.jar:/Users/jackyng/.m2/repository/org/apache/zookeeper/zookeeper-jute/3.5.7/zookeeper-jute-3.5.7.jar:/Users/jackyng/.m2/repository/org/apache/yetus/audience-annotations/0.5.0/audience-annotations-0.5.0.jar:/Users/jackyng/.m2/repository/io/netty/netty-transport-native-epoll/4.1.49.Final/netty-transport-native-epoll-4.1.49.Final.jar:/Users/jackyng/.m2/repository/io/netty/netty-transport-native-unix-common/4.1.49.Final/netty-transport-native-unix-common-4.1.49.Final.jar:/Users/jackyng/.m2/repository/io/smallrye/reactive/mutiny/0.5.0/mutiny-0.5.0.jar:/Users/jackyng/.m2/repository/org/reactivestreams/reactive-streams/1.0.3/reactive-streams-1.0.3.jar:/Users/jackyng/.m2/repository/io/smallrye/reactive/smallrye-reactive-converter-api/1.0.12/smallrye-reactive-converter-api-1.0.12.jar:/Users/jackyng/.m2/repository/org/eclipse/microprofile/reactive-streams-operators/microprofile-reactive-streams-operators-api/1.0.1/microprofile-reactive-streams-operators-api-1.0.1.jar:/Users/jackyng/.m2/repository/org/eclipse/microprofile/reactive-streams-operators/microprofile-reactive-streams-operators-core/1.0.1/microprofile-reactive-streams-operators-core-1.0.1.jar:/Users/jackyng/.m2/repository/io/quarkus/quarkus-jackson/1.5.1.Final/quarkus-jackson-1.5.1.Final.jar:/Users/jackyng/.m2/repository/com/fasterxml/jackson/core/jackson-databind/2.10.4/jackson-databind-2.10.4.jar:/Users/jackyng/.m2/repository/com/fasterxml/jackson/core/jackson-annotations/2.10.4/jackson-annotations-2.10.4.jar:/Users/jackyng/.m2/repository/com/fasterxml/jackson/core/jackson-core/2.10.4/jackson-core-2.10.4.jar:/Users/jackyng/.m2/repository/com/fasterxml/jackson/datatype/jackson-datatype-jsr310/2.10.4/jackson-datatype-jsr310-2.10.4.jar:/Users/jackyng/.m2/repository/com/fasterxml/jackson/datatype/jackson-datatype-jdk8/2.10.4/jackson-datatype-jdk8-2.10.4.jar:/Users/jackyng/.m2/repository/com/fasterxml/jackson/module/jackson-module-parameter-names/2.10.4/jackson-module-parameter-names-2.10.4.jar:/Users/jackyng/.m2/repository/org/apache/kafka/kafka-clients/2.5.0/kafka-clients-2.5.0.jar:/Users/jackyng/.m2/repository/com/github/luben/zstd-jni/1.4.4-7/zstd-jni-1.4.4-7.jar:/Users/jackyng/.m2/repository/org/lz4/lz4-java/1.7.1/lz4-java-1.7.1.jar:/Users/jackyng/.m2/repository/org/xerial/snappy/snappy-java/1.1.7.3/snappy-java-1.1.7.3.jar:/Users/jackyng/.m2/repository/io/vertx/vertx-kafka-client/3.9.0/vertx-kafka-client-3.9.0.jar:/Users/jackyng/.m2/repository/io/vertx/vertx-core/3.9.0/vertx-core-3.9.0.jar:/Users/jackyng/.m2/repository/io/netty/netty-common/4.1.49.Final/netty-common-4.1.49.Final.jar:/Users/jackyng/.m2/repository/io/netty/netty-buffer/4.1.49.Final/netty-buffer-4.1.49.Final.jar:/Users/jackyng/.m2/repository/io/netty/netty-transport/4.1.49.Final/netty-transport-4.1.49.Final.jar:/Users/jackyng/.m2/repository/io/netty/netty-handler/4.1.49.Final/netty-handler-4.1.49.Final.jar:/Users/jackyng/.m2/repository/io/netty/netty-handler-proxy/4.1.49.Final/netty-handler-proxy-4.1.49.Final.jar:/Users/jackyng/.m2/repository/io/netty/netty-codec-socks/4.1.49.Final/netty-codec-socks-4.1.49.Final.jar:/Users/jackyng/.m2/repository/io/netty/netty-codec-http/4.1.49.Final/netty-codec-http-4.1.49.Final.jar:/Users/jackyng/.m2/repository/io/netty/netty-codec-http2/4.1.49.Final/netty-codec-http2-4.1.49.Final.jar:/Users/jackyng/.m2/repository/io/netty/netty-resolver/4.1.49.Final/netty-resolver-4.1.49.Final.jar:/Users/jackyng/.m2/repository/io/netty/netty-resolver-dns/4.1.49.Final/netty-resolver-dns-4.1.49.Final.jar:/Users/jackyng/.m2/repository/io/netty/netty-codec-dns/4.1.49.Final/netty-codec-dns-4.1.49.Final.jar:/Users/jackyng/.m2/repository/io/quarkus/quarkus-smallrye-reactive-messaging/1.5.1.Final/quarkus-smallrye-reactive-messaging-1.5.1.Final.jar:/Users/jackyng/.m2/repository/io/quarkus/quarkus-mutiny-reactive-streams-operators/1.5.1.Final/quarkus-mutiny-reactive-streams-operators-1.5.1.Final.jar:/Users/jackyng/.m2/repository/io/quarkus/quarkus-mutiny/1.5.1.Final/quarkus-mutiny-1.5.1.Final.jar:/Users/jackyng/.m2/repository/io/smallrye/reactive/mutiny-reactive-streams-operators/0.5.0/mutiny-reactive-streams-operators-0.5.0.jar:/Users/jackyng/.m2/repository/io/smallrye/reactive/mutiny-context-propagation/0.5.0/mutiny-context-propagation-0.5.0.jar:/Users/jackyng/.m2/repository/io/quarkus/quarkus-smallrye-context-propagation/1.5.1.Final/quarkus-smallrye-context-propagation-1.5.1.Final.jar:/Users/jackyng/.m2/repository/io/smallrye/smallrye-context-propagation/1.0.13/smallrye-context-propagation-1.0.13.jar:/Users/jackyng/.m2/repository/io/smallrye/smallrye-context-propagation-api/1.0.13/smallrye-context-propagation-api-1.0.13.jar:/Users/jackyng/.m2/repository/io/reactivex/rxjava2/rxjava/2.2.19/rxjava-2.2.19.jar:/Users/jackyng/.m2/repository/io/quarkus/quarkus-vertx/1.5.1.Final/quarkus-vertx-1.5.1.Final.jar:/Users/jackyng/.m2/repository/io/smallrye/reactive/smallrye-axle-generator/0.0.15/smallrye-axle-generator-0.0.15.jar:/Users/jackyng/.m2/repository/io/smallrye/reactive/smallrye-axle-core/0.0.15/smallrye-axle-core-0.0.15.jar:/Users/jackyng/.m2/repository/io/vertx/vertx-rx-java2/3.9.0/vertx-rx-java2-3.9.0.jar:/Users/jackyng/.m2/repository/io/vertx/vertx-rx-gen/3.9.0/vertx-rx-gen-3.9.0.jar:/Users/jackyng/.m2/repository/io/smallrye/reactive/smallrye-reactive-messaging-provider/2.0.3/smallrye-reactive-messaging-provider-2.0.3.jar:/Users/jackyng/.m2/repository/io/smallrye/reactive/smallrye-reactive-messaging-api/2.0.3/smallrye-reactive-messaging-api-2.0.3.jar:/Users/jackyng/.m2/repository/io/smallrye/reactive/smallrye-mutiny-vertx-core/0.0.15/smallrye-mutiny-vertx-core-0.0.15.jar:/Users/jackyng/.m2/repository/io/smallrye/reactive/smallrye-mutiny-vertx-runtime/0.0.15/smallrye-mutiny-vertx-runtime-0.0.15.jar:/Users/jackyng/.m2/repository/io/smallrye/reactive/vertx-mutiny-generator/0.0.15/vertx-mutiny-generator-0.0.15.jar:/Users/jackyng/.m2/repository/io/vertx/vertx-codegen/3.9.0/vertx-codegen-3.9.0.jar:/Users/jackyng/.m2/repository/org/mvel/mvel2/2.4.7.Final/mvel2-2.4.7.Final.jar:/Users/jackyng/.m2/repository/jakarta/annotation/jakarta.annotation-api/1.3.5/jakarta.annotation-api-1.3.5.jar:/Users/jackyng/.m2/repository/io/quarkus/quarkus-resteasy-jsonb/1.5.1.Final/quarkus-resteasy-jsonb-1.5.1.Final.jar:/Users/jackyng/.m2/repository/io/quarkus/quarkus-jsonb/1.5.1.Final/quarkus-jsonb-1.5.1.Final.jar:/Users/jackyng/.m2/repository/org/eclipse/yasson/1.0.7/yasson-1.0.7.jar:/Users/jackyng/.m2/repository/io/quarkus/quarkus-jsonp/1.5.1.Final/quarkus-jsonp-1.5.1.Final.jar:/Users/jackyng/.m2/repository/org/jboss/resteasy/resteasy-json-binding-provider/4.5.3.Final/resteasy-json-binding-provider-4.5.3.Final.jar:/Users/jackyng/.m2/repository/org/glassfish/jakarta.json/1.1.6/jakarta.json-1.1.6.jar:/Users/jackyng/.m2/repository/jakarta/json/bind/jakarta.json.bind-api/1.0.2/jakarta.json.bind-api-1.0.2.jar:/Users/jackyng/.m2/repository/org/jboss/resteasy/resteasy-json-p-provider/4.5.3.Final/resteasy-json-p-provider-4.5.3.Final.jar:/Users/jackyng/.m2/repository/commons-io/commons-io/2.6/commons-io-2.6.jar:"/>
    <property name="sun.cpu.endian" value="little"/>
    <property name="user.home" value="/Users/jackyng"/>
    <property name="user.language" value="en"/>
    <property name="java.specification.vendor" value="Oracle Corporation"/>
    <property name="java.version.date" value="2020-01-14"/>
    <property name="java.home" value="/usr/local/Cellar/openjdk/13.0.2+8_2/libexec/openjdk.jdk/Contents/Home"/>
    <property name="file.separator" value="/"/>
    <property name="basedir" value="/Users/jackyng/Desktop/Learning/cp4i-es-squad-financial/es-quarkus-validation/cp4i-financial-technicalval-ms"/>
    <property name="java.vm.compressedOopsMode" value="Zero based"/>
    <property name="line.separator" value="&#10;"/>
    <property name="java.vm.specification.vendor" value="Oracle Corporation"/>
    <property name="java.specification.name" value="Java Platform API Specification"/>
    <property name="surefire.real.class.path" value="/Users/jackyng/Desktop/Learning/cp4i-es-squad-financial/es-quarkus-validation/cp4i-financial-technicalval-ms/target/surefire/surefirebooter14484687301444584918.jar"/>
    <property name="sun.management.compiler" value="HotSpot 64-Bit Tiered Compilers"/>
    <property name="java.runtime.version" value="13.0.2+8"/>
    <property name="user.name" value="jackyng"/>
    <property name="path.separator" value=":"/>
    <property name="os.version" value="10.15.3"/>
    <property name="java.runtime.name" value="OpenJDK Runtime Environment"/>
    <property name="file.encoding" value="UTF-8"/>
    <property name="java.vm.name" value="OpenJDK 64-Bit Server VM"/>
    <property name="localRepository" value="/Users/jackyng/.m2/repository"/>
    <property name="java.vendor.url.bug" value="https://bugreport.java.com/bugreport/"/>
    <property name="java.io.tmpdir" value="/var/folders/sj/z4l2qg5n4_x5b7ld6z3fktfm0000gn/T/"/>
    <property name="java.version" value="13.0.2"/>
    <property name="user.dir" value="/Users/jackyng/Desktop/Learning/cp4i-es-squad-financial/es-quarkus-validation/cp4i-financial-technicalval-ms"/>
    <property name="os.arch" value="x86_64"/>
    <property name="java.vm.specification.name" value="Java Virtual Machine Specification"/>
    <property name="java.util.logging.manager" value="org.jboss.logmanager.LogManager"/>
    <property name="java.library.path" value="/Users/jackyng/Library/Java/Extensions:/Library/Java/Extensions:/Network/Library/Java/Extensions:/System/Library/Java/Extensions:/usr/lib/java:."/>
    <property name="java.vm.info" value="mixed mode, sharing"/>
    <property name="java.vendor" value="N/A"/>
    <property name="java.vm.version" value="13.0.2+8"/>
    <property name="sun.io.unicode.encoding" value="UnicodeBig"/>
    <property name="java.class.version" value="57.0"/>
  </properties>
  <testcase name="testHelloEndpoint" classname="com.ibm.garage.cpat.cp4i.ConsumerTest" time="1.121">
    <failure message="1 expectation failed.&#10;Expected status code &lt;200&gt; but was &lt;404&gt;.&#10;" type="java.lang.AssertionError"><![CDATA[java.lang.AssertionError: 
1 expectation failed.
Expected status code <200> but was <404>.

	at com.ibm.garage.cpat.cp4i.ConsumerTest.testHelloEndpoint(ConsumerTest.java:17)
]]></failure>
    <system-out><![CDATA[2020-07-08 09:36:00,259 WARN  [io.qua.dep.ste.ReflectiveHierarchyStep] (build-19) Unable to properly register the hierarchy of the following classes for reflection as they are not in the Jandex index:
	- javax.security.auth.Subject
	- javax.security.auth.login.AppConfigurationEntry
	- javax.security.auth.spi.LoginModule
	- org.slf4j.Logger
	- org.slf4j.spi.LocationAwareLogger
Consider adding them to the index either by creating a Jandex index for your dependency via the Maven plugin, an empty META-INF/beans.xml or quarkus.index-dependency properties.");.
2020-07-08 09:36:01,262 INFO  [io.sma.rea.mes.ext.MediatorManager] (main) Deployment done... start processing
2020-07-08 09:36:01,265 INFO  [io.sma.rea.mes.imp.ConfiguredChannelFactory] (main) Found incoming connectors: [smallrye-kafka]
2020-07-08 09:36:01,265 INFO  [io.sma.rea.mes.imp.ConfiguredChannelFactory] (main) Found outgoing connectors: [smallrye-kafka]
2020-07-08 09:36:01,266 INFO  [io.sma.rea.mes.imp.ConfiguredChannelFactory] (main) Channel manager initializing...
Merging config with {}
2020-07-08 09:36:01,287 INFO  [io.sma.rea.mes.kaf.imp.KafkaSource] (main) Key deserializer omitted, using String as default
2020-07-08 09:36:01,317 INFO  [org.apa.kaf.cli.con.ConsumerConfig] (main) ConsumerConfig values: 
	allow.auto.create.topics = true
	auto.commit.interval.ms = 5000
	auto.offset.reset = latest
	bootstrap.servers = [es-0-ibm-es-proxy-route-bootstrap-eventstreams.mycluster-4312-cp4i-afb9c6047b062b44e3f1b3ecfeba4309-0000.sjc03.containers.appdomain.cloud:443]
	check.crcs = true
	client.dns.lookup = default
	client.id = 
	client.rack = 
	connections.max.idle.ms = 540000
	default.api.timeout.ms = 60000
	enable.auto.commit = true
	exclude.internal.topics = true
	fetch.max.bytes = 52428800
	fetch.max.wait.ms = 500
	fetch.min.bytes = 1
	group.id = technicalval-ms-reader
	group.instance.id = null
	heartbeat.interval.ms = 3000
	interceptor.classes = []
	internal.leave.group.on.close = true
	isolation.level = read_uncommitted
	key.deserializer = class org.apache.kafka.common.serialization.StringDeserializer
	max.partition.fetch.bytes = 1048576
	max.poll.interval.ms = 300000
	max.poll.records = 500
	metadata.max.age.ms = 300000
	metric.reporters = []
	metrics.num.samples = 2
	metrics.recording.level = INFO
	metrics.sample.window.ms = 30000
	partition.assignment.strategy = [class org.apache.kafka.clients.consumer.RangeAssignor]
	receive.buffer.bytes = 65536
	reconnect.backoff.max.ms = 1000
	reconnect.backoff.ms = 50
	request.timeout.ms = 30000
	retry.backoff.ms = 100
	sasl.client.callback.handler.class = null
	sasl.jaas.config = [hidden]
	sasl.kerberos.kinit.cmd = /usr/bin/kinit
	sasl.kerberos.min.time.before.relogin = 60000
	sasl.kerberos.service.name = null
	sasl.kerberos.ticket.renew.jitter = 0.05
	sasl.kerberos.ticket.renew.window.factor = 0.8
	sasl.login.callback.handler.class = null
	sasl.login.class = null
	sasl.login.refresh.buffer.seconds = 300
	sasl.login.refresh.min.period.seconds = 60
	sasl.login.refresh.window.factor = 0.8
	sasl.login.refresh.window.jitter = 0.05
	sasl.mechanism = PLAIN
	security.protocol = SASL_SSL
	security.providers = null
	send.buffer.bytes = 131072
	session.timeout.ms = 10000
	ssl.cipher.suites = null
	ssl.enabled.protocols = [TLSv1.2]
	ssl.endpoint.identification.algorithm = https
	ssl.key.password = null
	ssl.keymanager.algorithm = SunX509
	ssl.keystore.location = null
	ssl.keystore.password = null
	ssl.keystore.type = JKS
	ssl.protocol = TLSv1.2
	ssl.provider = null
	ssl.secure.random.implementation = null
	ssl.trustmanager.algorithm = PKIX
	ssl.truststore.location = /Users/jackyng/Desktop/Learning/cp4i-es-squad-financial/es-quarkus-validation/cp4i-financial-technicalval-ms/src/main/resources/ssl/es-cert.jks
	ssl.truststore.password = [hidden]
	ssl.truststore.type = JKS
	value.deserializer = class com.ibm.garage.cpat.cp4i.FinancialMessage.FinancialMessageDeserializer

2020-07-08 09:36:01,485 INFO  [org.apa.kaf.com.sec.aut.AbstractLogin] (main) Successfully logged in.
2020-07-08 09:36:01,633 INFO  [org.apa.kaf.com.uti.AppInfoParser] (main) Kafka version: 2.5.0
2020-07-08 09:36:01,633 INFO  [org.apa.kaf.com.uti.AppInfoParser] (main) Kafka commitId: 66563e712b0b9f84
2020-07-08 09:36:01,633 INFO  [org.apa.kaf.com.uti.AppInfoParser] (main) Kafka startTimeMs: 1594215361632
Merging config with {}
2020-07-08 09:36:01,672 INFO  [io.sma.rea.mes.kaf.imp.KafkaSink] (main) Key deserializer omitted, using String as default
2020-07-08 09:36:01,677 INFO  [org.apa.kaf.cli.pro.ProducerConfig] (main) ProducerConfig values: 
	acks = 1
	batch.size = 16384
	bootstrap.servers = [es-0-ibm-es-proxy-route-bootstrap-eventstreams.mycluster-4312-cp4i-afb9c6047b062b44e3f1b3ecfeba4309-0000.sjc03.containers.appdomain.cloud:443]
	buffer.memory = 33554432
	client.dns.lookup = default
	client.id = producer-1
	compression.type = none
	connections.max.idle.ms = 540000
	delivery.timeout.ms = 120000
	enable.idempotence = false
	interceptor.classes = []
	key.serializer = class org.apache.kafka.common.serialization.StringSerializer
	linger.ms = 0
	max.block.ms = 60000
	max.in.flight.requests.per.connection = 5
	max.request.size = 1048576
	metadata.max.age.ms = 300000
	metadata.max.idle.ms = 300000
	metric.reporters = []
	metrics.num.samples = 2
	metrics.recording.level = INFO
	metrics.sample.window.ms = 30000
	partitioner.class = class org.apache.kafka.clients.producer.internals.DefaultPartitioner
	receive.buffer.bytes = 32768
	reconnect.backoff.max.ms = 1000
	reconnect.backoff.ms = 50
	request.timeout.ms = 30000
	retries = 2147483647
	retry.backoff.ms = 100
	sasl.client.callback.handler.class = null
	sasl.jaas.config = [hidden]
	sasl.kerberos.kinit.cmd = /usr/bin/kinit
	sasl.kerberos.min.time.before.relogin = 60000
	sasl.kerberos.service.name = null
	sasl.kerberos.ticket.renew.jitter = 0.05
	sasl.kerberos.ticket.renew.window.factor = 0.8
	sasl.login.callback.handler.class = null
	sasl.login.class = null
	sasl.login.refresh.buffer.seconds = 300
	sasl.login.refresh.min.period.seconds = 60
	sasl.login.refresh.window.factor = 0.8
	sasl.login.refresh.window.jitter = 0.05
	sasl.mechanism = PLAIN
	security.protocol = SASL_SSL
	security.providers = null
	send.buffer.bytes = 131072
	ssl.cipher.suites = null
	ssl.enabled.protocols = [TLSv1.2]
	ssl.endpoint.identification.algorithm = https
	ssl.key.password = null
	ssl.keymanager.algorithm = SunX509
	ssl.keystore.location = null
	ssl.keystore.password = null
	ssl.keystore.type = JKS
	ssl.protocol = TLSv1.2
	ssl.provider = null
	ssl.secure.random.implementation = null
	ssl.trustmanager.algorithm = PKIX
	ssl.truststore.location = /Users/jackyng/Desktop/Learning/cp4i-es-squad-financial/es-quarkus-validation/cp4i-financial-technicalval-ms/src/main/resources/ssl/es-cert.jks
	ssl.truststore.password = [hidden]
	ssl.truststore.type = JKS
	transaction.timeout.ms = 60000
	transactional.id = null
	value.serializer = class io.quarkus.kafka.client.serialization.JsonbSerializer

2020-07-08 09:36:01,714 INFO  [org.apa.kaf.com.uti.AppInfoParser] (main) Kafka version: 2.5.0
2020-07-08 09:36:01,715 INFO  [org.apa.kaf.com.uti.AppInfoParser] (main) Kafka commitId: 66563e712b0b9f84
2020-07-08 09:36:01,715 INFO  [org.apa.kaf.com.uti.AppInfoParser] (main) Kafka startTimeMs: 1594215361714
2020-07-08 09:36:01,722 INFO  [io.sma.rea.mes.ext.MediatorManager] (main) Initializing mediators
2020-07-08 09:36:01,740 INFO  [io.sma.rea.mes.ext.MediatorManager] (main) Connecting mediators
2020-07-08 09:36:01,741 INFO  [io.sma.rea.mes.ext.MediatorManager] (main) Attempt to resolve com.ibm.garage.cpat.cp4i.TechnicalValidation.TechnicalValidation#processCompliance
2020-07-08 09:36:01,744 INFO  [io.sma.rea.mes.ext.MediatorManager] (main) Connecting com.ibm.garage.cpat.cp4i.TechnicalValidation.TechnicalValidation#processCompliance to `[pre-technical-check]` (org.eclipse.microprofile.reactive.streams.operators.core.PublisherBuilderImpl@415a3f6a)
2020-07-08 09:36:01,746 INFO  [io.sma.rea.mes.ext.MediatorManager] (main) Connecting method com.ibm.garage.cpat.cp4i.TechnicalValidation.TechnicalValidation#processCompliance to sink post-technical-check
2020-07-08 09:36:01,766 INFO  [org.apa.kaf.cli.con.KafkaConsumer] (vert.x-kafka-consumer-thread-0) [Consumer clientId=consumer-technicalval-ms-reader-1, groupId=technicalval-ms-reader] Subscribed to topic(s): financial-asset-source-mq
2020-07-08 09:36:01,892 INFO  [io.quarkus] (main) Quarkus 1.5.1.Final on JVM started in 2.573s. Listening on: http://0.0.0.0:8081
2020-07-08 09:36:01,893 INFO  [io.quarkus] (main) Profile test activated. 
2020-07-08 09:36:01,893 INFO  [io.quarkus] (main) Installed features: [cdi, mutiny, resteasy, resteasy-jsonb, smallrye-reactive-messaging, smallrye-reactive-messaging-kafka, vertx]
2020-07-08 09:36:02,846 INFO  [org.apa.kaf.cli.Metadata] (kafka-producer-network-thread | producer-1) [Producer clientId=producer-1] Cluster ID: r1e2pnt8QqCqNtDm0fTsnQ
2020-07-08 09:36:02,847 INFO  [org.apa.kaf.cli.Metadata] (vert.x-kafka-consumer-thread-0) [Consumer clientId=consumer-technicalval-ms-reader-1, groupId=technicalval-ms-reader] Cluster ID: r1e2pnt8QqCqNtDm0fTsnQ
2020-07-08 09:36:02,848 INFO  [org.apa.kaf.cli.con.int.AbstractCoordinator] (vert.x-kafka-consumer-thread-0) [Consumer clientId=consumer-technicalval-ms-reader-1, groupId=technicalval-ms-reader] Discovered group coordinator es-0-ibm-es-proxy-route-broker-0-eventstreams.mycluster-4312-cp4i-afb9c6047b062b44e3f1b3ecfeba4309-0000.sjc03.containers.appdomain.cloud:443 (id: 2147483647 rack: null)
2020-07-08 09:36:02,860 INFO  [org.apa.kaf.cli.con.int.AbstractCoordinator] (vert.x-kafka-consumer-thread-0) [Consumer clientId=consumer-technicalval-ms-reader-1, groupId=technicalval-ms-reader] (Re-)joining group
]]></system-out>
  </testcase>
</testsuite>